<?xml version="1.0" encoding="UTF-8"?>
<!-- Generated by org.testng.reporters.JUnitXMLReporter -->
<testsuite hostname="DESKTOP-STLTQQF" ignored="0" name="Surefire test" tests="3" failures="0" timestamp="30 May 2022 10:04:39 GMT" time="3.655" errors="0">
  <testcase name="employees" time="2.627" classname="Tests.Class1Test"/>
  <testcase name="organization" time="0.005" classname="Tests.Class2Test"/>
  <testcase name="Products" time="0.004" classname="Tests.Class3Test"/>
</testsuite> <!-- Surefire test -->
