<?xml version="1.0" encoding="UTF-8"?>
<testng-results skipped="0" failed="0" ignored="0" total="3" passed="3">
  <reporter-output>
  </reporter-output>
  <suite name="Surefire suite" duration-ms="3655" started-at="2022-05-30T10:04:36Z" finished-at="2022-05-30T10:04:39Z">
    <groups>
      <group name="sanity">
        <method signature="Class1Test.employees()[pri:0, instance:Tests.Class1Test@f73dcd6]" name="employees" class="Tests.Class1Test"/>
        <method signature="Class2Test.organization()[pri:0, instance:Tests.Class2Test@5c87bfe2]" name="organization" class="Tests.Class2Test"/>
      </group> <!-- sanity -->
    </groups>
    <test name="Surefire test" duration-ms="3655" started-at="2022-05-30T10:04:36Z" finished-at="2022-05-30T10:04:39Z">
      <class name="Tests.Class2Test">
        <test-method status="PASS" signature="organization()[pri:0, instance:Tests.Class2Test@5c87bfe2]" name="organization" duration-ms="5" started-at="2022-05-30T10:04:39Z" finished-at="2022-05-30T10:04:39Z">
          <reporter-output>
          </reporter-output>
        </test-method> <!-- organization -->
      </class> <!-- Tests.Class2Test -->
      <class name="Tests.Class3Test">
        <test-method status="PASS" signature="Products()[pri:0, instance:Tests.Class3Test@2fea7088]" name="Products" duration-ms="4" started-at="2022-05-30T10:04:39Z" finished-at="2022-05-30T10:04:39Z">
          <reporter-output>
          </reporter-output>
        </test-method> <!-- Products -->
      </class> <!-- Tests.Class3Test -->
      <class name="Tests.Class1Test">
        <test-method status="PASS" signature="employees()[pri:0, instance:Tests.Class1Test@f73dcd6]" name="employees" duration-ms="2627" started-at="2022-05-30T10:04:36Z" finished-at="2022-05-30T10:04:39Z">
          <reporter-output>
          </reporter-output>
        </test-method> <!-- employees -->
      </class> <!-- Tests.Class1Test -->
    </test> <!-- Surefire test -->
  </suite> <!-- Surefire suite -->
</testng-results>
